<?xml version="1.0" encoding="UTF-8"?>
<!-- Generated by org.testng.reporters.JUnitXMLReporter -->
<testsuite ignored="0" hostname="LIN77001089" failures="1" tests="5" name="Test" time="0.067" errors="0" timestamp="2022-01-12T10:33:17 IST">
  <testcase classname="unitTestCalculator.CalculatorTest" name="addTest" time="0.007"/>
  <testcase classname="unitTestCalculator.CalculatorTest" name="addTest" time="0.001"/>
  <testcase classname="unitTestCalculator.CalculatorTest" name="divideTest" time="0.001"/>
  <testcase classname="unitTestCalculator.CalculatorTest" name="productTest" time="0.001"/>
  <testcase classname="unitTestCalculator.CalculatorTest" name="subTest" time="0.001">
    <failure type="org.testng.internal.reflect.MethodMatcherException" message="
[public void unitTestCalculator.CalculatorTest.subTest()] has no parameters defined but was found to be using a data provider (either explicitly specified or inherited from class level annotation).
Data provider mismatch
Method: subTest([])
Arguments: [(java.lang.Integer) 20,(java.lang.Integer) 12]">
      <![CDATA[org.testng.internal.reflect.MethodMatcherException: 
[public void unitTestCalculator.CalculatorTest.subTest()] has no parameters defined but was found to be using a data provider (either explicitly specified or inherited from class level annotation).
Data provider mismatch
Method: subTest([])
Arguments: [(java.lang.Integer) 20,(java.lang.Integer) 12]
at java.base/java.util.ArrayList.forEach(ArrayList.java:1540)
... Removed 22 stack frames]]>
    </failure>
  </testcase> <!-- subTest -->
</testsuite> <!-- Test -->
